c:\users\asus-pc\source\repos\arduinotracedebug\release\arduinodebuglibrary.ipdb
c:\users\asus-pc\source\repos\arduinotracedebug\release\arduinodebuglibrary.iobj
c:\users\asus-pc\source\repos\arduinotracedebug\arduinodebuglibrary\release\arduinodebuglibrary.pch
c:\users\asus-pc\source\repos\arduinotracedebug\arduinodebuglibrary\release\vc141.pdb
c:\users\asus-pc\source\repos\arduinotracedebug\arduinodebuglibrary\release\stdafx.obj
c:\users\asus-pc\source\repos\arduinotracedebug\arduinodebuglibrary\release\arduinodebuglibrary.pdb
c:\users\asus-pc\source\repos\arduinotracedebug\arduinodebuglibrary\release\simwire.obj
c:\users\asus-pc\source\repos\arduinotracedebug\arduinodebuglibrary\release\simtime.obj
c:\users\asus-pc\source\repos\arduinotracedebug\arduinodebuglibrary\release\simspi.obj
c:\users\asus-pc\source\repos\arduinotracedebug\arduinodebuglibrary\release\simserial.obj
c:\users\asus-pc\source\repos\arduinotracedebug\arduinodebuglibrary\release\siminterrupt.obj
c:\users\asus-pc\source\repos\arduinotracedebug\arduinodebuglibrary\release\simgpio.obj
c:\users\asus-pc\source\repos\arduinotracedebug\arduinodebuglibrary\release\simeeprom.obj
c:\users\asus-pc\source\repos\arduinotracedebug\arduinodebuglibrary\release\simasm.obj
c:\users\asus-pc\source\repos\arduinotracedebug\arduinodebuglibrary\release\simadvio.obj
c:\users\asus-pc\source\repos\arduinotracedebug\arduinodebuglibrary\release\sim8266.obj
c:\users\asus-pc\source\repos\arduinotracedebug\arduinodebuglibrary\release\portchat.obj
c:\users\asus-pc\source\repos\arduinotracedebug\arduinodebuglibrary\release\pch.obj
c:\users\asus-pc\source\repos\arduinotracedebug\arduinodebuglibrary\release\mathfuncslib.obj
c:\users\asus-pc\source\repos\arduinotracedebug\arduinodebuglibrary\release\main.obj
c:\users\asus-pc\source\repos\arduinotracedebug\arduinodebuglibrary\release\arduiontracedebug.obj
c:\users\asus-pc\source\repos\arduinotracedebug\arduinodebuglibrary\release\arduinodebuglibrary.obj
c:\users\asus-pc\source\repos\arduinotracedebug\arduinodebuglibrary\release\arduino.obj
c:\users\asus-pc\source\repos\arduinotracedebug\release\arduinodebuglibrary.lib
c:\users\asus-pc\source\repos\arduinotracedebug\release\arduinodebuglibrary.dll
c:\users\asus-pc\source\repos\arduinotracedebug\release\arduinodebuglibrary.pdb
c:\users\asus-pc\desktop\arduinotraceabledebug\arduinodebuglibrary\release\arduino.obj
c:\users\asus-pc\desktop\arduinotraceabledebug\arduinodebuglibrary\release\arduinodebuglibrary.obj
c:\users\asus-pc\desktop\arduinotraceabledebug\arduinodebuglibrary\release\arduiontracedebug.obj
c:\users\asus-pc\desktop\arduinotraceabledebug\arduinodebuglibrary\release\main.obj
c:\users\asus-pc\desktop\arduinotraceabledebug\arduinodebuglibrary\release\mathfuncslib.obj
c:\users\asus-pc\desktop\arduinotraceabledebug\arduinodebuglibrary\release\pch.obj
c:\users\asus-pc\desktop\arduinotraceabledebug\arduinodebuglibrary\release\portchat.obj
c:\users\asus-pc\desktop\arduinotraceabledebug\arduinodebuglibrary\release\sim8266.obj
c:\users\asus-pc\desktop\arduinotraceabledebug\arduinodebuglibrary\release\simadvio.obj
c:\users\asus-pc\desktop\arduinotraceabledebug\arduinodebuglibrary\release\simasm.obj
c:\users\asus-pc\desktop\arduinotraceabledebug\arduinodebuglibrary\release\simeeprom.obj
c:\users\asus-pc\desktop\arduinotraceabledebug\arduinodebuglibrary\release\simgpio.obj
c:\users\asus-pc\desktop\arduinotraceabledebug\arduinodebuglibrary\release\siminterrupt.obj
c:\users\asus-pc\desktop\arduinotraceabledebug\arduinodebuglibrary\release\simserial.obj
c:\users\asus-pc\desktop\arduinotraceabledebug\arduinodebuglibrary\release\simspi.obj
c:\users\asus-pc\desktop\arduinotraceabledebug\arduinodebuglibrary\release\simtime.obj
c:\users\asus-pc\desktop\arduinotraceabledebug\arduinodebuglibrary\release\simwire.obj
c:\users\asus-pc\desktop\arduinotraceabledebug\arduinodebuglibrary\release\stdafx.obj
c:\users\asus-pc\desktop\arduinotraceabledebug\arduinodebuglibrary\release\arduinodebuglibrary.pch
c:\users\asus-pc\desktop\arduinotraceabledebug\arduinodebuglibrary\release\arduinodebuglibrary.pdb
c:\users\asus-pc\desktop\arduinotraceabledebug\arduinodebuglibrary\release\vc141.pdb
c:\users\asus-pc\desktop\arduinotraceabledebug\release\arduinodebuglibrary.pdb
c:\users\asus-pc\desktop\arduinotraceabledebug\release\arduinodebuglibrary.lib
c:\users\asus-pc\desktop\arduinotraceabledebug\arduinodebuglibrary\release\arduinod.913b4b02.tlog\arduinodebuglibrary.write.1u.tlog
c:\users\asus-pc\desktop\arduinotraceabledebug\arduinodebuglibrary\release\arduinod.913b4b02.tlog\cl.command.1.tlog
c:\users\asus-pc\desktop\arduinotraceabledebug\arduinodebuglibrary\release\arduinod.913b4b02.tlog\cl.read.1.tlog
c:\users\asus-pc\desktop\arduinotraceabledebug\arduinodebuglibrary\release\arduinod.913b4b02.tlog\cl.write.1.tlog
c:\users\asus-pc\desktop\arduinotraceabledebug\arduinodebuglibrary\release\arduinod.913b4b02.tlog\lib-link.read.1.tlog
c:\users\asus-pc\desktop\arduinotraceabledebug\arduinodebuglibrary\release\arduinod.913b4b02.tlog\lib-link.write.1.tlog
c:\users\asus-pc\desktop\arduinotraceabledebug\arduinodebuglibrary\release\arduinod.913b4b02.tlog\lib.command.1.tlog
c:\users\asus-pc\desktop\arduinotraceabledebug\arduinodebuglibrary\release\arduinod.913b4b02.tlog\link.command.1.tlog
c:\users\asus-pc\desktop\arduinotraceabledebug\arduinodebuglibrary\release\arduinod.913b4b02.tlog\link.read.1.tlog
c:\users\asus-pc\desktop\arduinotraceabledebug\arduinodebuglibrary\release\arduinod.913b4b02.tlog\link.write.1.tlog
