c:\users\asuspro\onedrive\commonproject\arduinodebugproject\sourcecode\visualstudio\arduinodebuglibrary\arduinodebuglibrary\debug\arduinodebuglibrary.pch
c:\users\asuspro\onedrive\commonproject\arduinodebugproject\sourcecode\visualstudio\arduinodebuglibrary\arduinodebuglibrary\debug\arduinodebuglibrary.pdb
c:\users\asuspro\onedrive\commonproject\arduinodebugproject\sourcecode\visualstudio\arduinodebuglibrary\arduinodebuglibrary\debug\arduinodebuglibrary.idb
c:\users\asuspro\onedrive\commonproject\arduinodebugproject\sourcecode\visualstudio\arduinodebuglibrary\arduinodebuglibrary\debug\stdafx.obj
c:\users\asuspro\onedrive\commonproject\arduinodebugproject\sourcecode\visualstudio\arduinodebuglibrary\arduinodebuglibrary\debug\simwire.obj
c:\users\asuspro\onedrive\commonproject\arduinodebugproject\sourcecode\visualstudio\arduinodebuglibrary\arduinodebuglibrary\debug\simtime.obj
c:\users\asuspro\onedrive\commonproject\arduinodebugproject\sourcecode\visualstudio\arduinodebuglibrary\arduinodebuglibrary\debug\simspi.obj
c:\users\asuspro\onedrive\commonproject\arduinodebugproject\sourcecode\visualstudio\arduinodebuglibrary\arduinodebuglibrary\debug\simserial.obj
c:\users\asuspro\onedrive\commonproject\arduinodebugproject\sourcecode\visualstudio\arduinodebuglibrary\arduinodebuglibrary\debug\siminterrupt.obj
c:\users\asuspro\onedrive\commonproject\arduinodebugproject\sourcecode\visualstudio\arduinodebuglibrary\arduinodebuglibrary\debug\simgpio.obj
c:\users\asuspro\onedrive\commonproject\arduinodebugproject\sourcecode\visualstudio\arduinodebuglibrary\arduinodebuglibrary\debug\simadvio.obj
c:\users\asuspro\onedrive\commonproject\arduinodebugproject\sourcecode\visualstudio\arduinodebuglibrary\arduinodebuglibrary\debug\sim8266.obj
c:\users\asuspro\onedrive\commonproject\arduinodebugproject\sourcecode\visualstudio\arduinodebuglibrary\arduinodebuglibrary\debug\portchat.obj
c:\users\asuspro\onedrive\commonproject\arduinodebugproject\sourcecode\visualstudio\arduinodebuglibrary\arduinodebuglibrary\debug\pch.obj
c:\users\asuspro\onedrive\commonproject\arduinodebugproject\sourcecode\visualstudio\arduinodebuglibrary\arduinodebuglibrary\debug\arduinodebuglibrary.obj
c:\users\asuspro\onedrive\commonproject\arduinodebugproject\sourcecode\visualstudio\arduinodebuglibrary\arduinodebuglibrary\debug\arduino.obj
c:\users\asuspro\onedrive\commonproject\arduinodebugproject\sourcecode\visualstudio\arduinodebuglibrary\debug\arduinodebuglibrary.lib
c:\users\asuspro\onedrive\commonproject\arduinodebugproject\sourcecode\visualstudio\arduinodebuglibrary\arduinodebuglibrary\debug\arduino.obj.enc
c:\users\asuspro\onedrive\commonproject\arduinodebugproject\sourcecode\visualstudio\arduinodebuglibrary\arduinodebuglibrary\debug\portchat.obj.enc
c:\users\asuspro\onedrive\commonproject\arduinodebugproject\sourcecode\visualstudio\arduinodebuglibrary\arduinodebuglibrary\debug\simtime.obj.enc
c:\users\asuspro\onedrive\commonproject\arduinodebugproject\sourcecode\visualstudio\arduinodebuglibrary\debug\arduinodebuglibrary.pdb
c:\users\asuspro\onedrive\commonproject\arduinodebugproject\sourcecode\visualstudio\arduinodebuglibrary\arduinodebuglibrary\debug\arduinod.913b4b02.tlog\cl.command.1.tlog
c:\users\asuspro\onedrive\commonproject\arduinodebugproject\sourcecode\visualstudio\arduinodebuglibrary\arduinodebuglibrary\debug\arduinod.913b4b02.tlog\cl.read.1.tlog
c:\users\asuspro\onedrive\commonproject\arduinodebugproject\sourcecode\visualstudio\arduinodebuglibrary\arduinodebuglibrary\debug\arduinod.913b4b02.tlog\cl.write.1.tlog
c:\users\asuspro\onedrive\commonproject\arduinodebugproject\sourcecode\visualstudio\arduinodebuglibrary\arduinodebuglibrary\debug\arduinod.913b4b02.tlog\lib-link.read.1.tlog
c:\users\asuspro\onedrive\commonproject\arduinodebugproject\sourcecode\visualstudio\arduinodebuglibrary\arduinodebuglibrary\debug\arduinod.913b4b02.tlog\lib-link.write.1.tlog
c:\users\asuspro\onedrive\commonproject\arduinodebugproject\sourcecode\visualstudio\arduinodebuglibrary\arduinodebuglibrary\debug\arduinod.913b4b02.tlog\lib.command.1.tlog
